<?xml version="1.0" encoding="UTF-8"?>
<robot generator="Robot 7.0 (Python 3.10.3 on win32)" generated="2024-04-25T10:32:05.958210" rpa="false" schemaversion="5">
<suite id="s1" name="Robot-Catfact" source="D:\Code\robot-catfact">
<suite id="s1-s1" name="Breeds" source="D:\Code\robot-catfact\breeds.robot">
<test id="s1-s1-t1" name="Get Breeds without Limit Param and Verify Response Keys and Default per_page" line="12">
<kw name="Get Request API" owner="keywords">
<kw name="Create Session" owner="RequestsLibrary">
<msg time="2024-04-25T10:32:06.493663" level="INFO">Creating Session using : alias=session, url=https://catfact.ninja, headers={},                     cookies={}, auth=None, timeout=None, proxies=None, verify=False,                     debug=0 </msg>
<arg>session</arg>
<arg>${base_url}</arg>
<doc>Create Session: create a HTTP session to a server</doc>
<status status="PASS" start="2024-04-25T10:32:06.493663" elapsed="0.000000"/>
</kw>
<kw name="GET On Session" owner="RequestsLibrary">
<msg time="2024-04-25T10:32:07.560030" level="INFO">GET Request : url=https://catfact.ninja/breeds 
 path_url=/breeds 
 headers={'User-Agent': 'python-requests/2.31.0', 'Accept-Encoding': 'gzip, deflate', 'Accept': '*/*', 'Connection': 'keep-alive'} 
 body=None 
 </msg>
<msg time="2024-04-25T10:32:07.561176" level="INFO">GET Response : url=https://catfact.ninja/breeds 
 status=200, reason=OK 
 headers={'Server': 'nginx', 'Date': 'Thu, 25 Apr 2024 03:32:06 GMT', 'Content-Type': 'application/json', 'Transfer-Encoding': 'chunked', 'Connection': 'keep-alive', 'Vary': 'Accept-Encoding', 'Cache-Control': 'no-cache, private', 'X-Ratelimit-Limit': '100', 'X-Ratelimit-Remaining': '99', 'Access-Control-Allow-Origin': '*', 'Set-Cookie': 'XSRF-TOKEN=eyJpdiI6IndLbGhlUWJvRCs1MkdDdEd3Q0VJblE9PSIsInZhbHVlIjoiV0dHMjdsS3dtVjhyNnRqNlJpSGJGTGEyVHBEWlJ1U2kyV1pDdktSS29BTlBCc0JXL2V4bXE2WDEvT3pxaUkzL0pNYmF1cTBUdVgyWXd5ZTV2dW9MRDJDK1FRdCtGM0NJbDZkZWpCam55eEdVanc5UDJaQ1V2R2dSc2pVa01LZ1giLCJtYWMiOiI0NWE0NmM5M2E4N2ZjY2E3MjE3ZDg3ZWY5YWZiZWY2MzY0YjQ4ZGE0YjFmNWY1OTlhZTE2NGY0ZjRkMTliYmQ5IiwidGFnIjoiIn0%3D; expires=Thu, 25-Apr-2024 05:32:06 GMT; path=/; samesite=lax, catfacts_session=eyJpdiI6Ik9CUjBZa2JYSFp1eGx3N3ZYZG9hWVE9PSIsInZhbHVlIjoieUpNZVhiNjB2NnJlam85aUJIa0tXZVZyd2J0K1dnK0lwamJuS1B6cHRabTJRRzE3WjAxdmNycmIzVndIbklCN0JNdnhJVEtXMy9ZdkRWK0lna0J1T0RYU1NPZzVjdks5cW5XMkRJZDJxOEF5aHdBRzBpVUd5NmtoK1RSVUhLNHkiLCJtYWMiOiJiYmIwYWJiNjUzNmIwZmQ0OTE2ZWRkNzU1ZmY5YWVhZDZhZmEzZGI2ZjhjZWI3NmZjZGM1ZDNhOWEyMGUzNmEyIiwidGFnIjoiIn0%3D; expires=Thu, 25-Apr-2024 05:32:06 GMT; path=/; httponly; samesite=lax', 'X-Frame-Options': 'SAMEORIGIN', 'X-XSS-Protection': '1; mode=block', 'X-Content-Type-Options': 'nosniff', 'Content-Encoding': 'gzip'} 
 body={"current_page":1,"data":[{"breed":"Abyssinian","country":"Ethiopia","origin":"Natural\/Standard","coat":"Short","pattern":"Ticked"},{"breed":"Aegean","country":"Greece","origin":"Natural\/Standard","coat":"Semi-long","pattern":"Bi- or tri-colored"},{"breed":"American Curl","country":"United States","origin":"Mutation","coat":"Short\/Long","pattern":"All"},{"breed":"American Bobtail","country":"United States","origin":"Mutation","coat":"Short\/Long","pattern":"All"},{"breed":"American Shorthair","country":"United States","origin":"Natural","coat":"Short","pattern":"All but colorpoint"},{"breed":"American Wirehair","country":"United States","origin":"Mutation","coat":"Rex","pattern":"All but colorpoint"},{"breed":"Arabian Mau","country":"Arabian Peninsula","origin":"Natural","coat":"Short","pattern":""},{"breed":"Australian Mist","country":"Australia","origin":"Crossbreed","coat":"Short","pattern":"Spotted and Classic tabby"},{"breed":"Asian","country":"developed in the United Kingdom (founding stock from Asia)","origin":"","coat":"Short","pattern":"Evenly solid"},{"breed":"Asian Semi-longhair","country":"United Kingdom","origin":"Crossbreed","coat":"Semi-long","pattern":"Solid"},{"breed":"Balinese","country":"developed in the United States (founding stock from Thailand)","origin":"Crossbreed","coat":"Long","pattern":"Colorpoint"},{"breed":"Bambino","country":"United States","origin":"Crossbreed","coat":"Hairless\/Furry down","pattern":""},{"breed":"Bengal","country":"developed in the United States (founding stock from Asia)","origin":"Hybrid","coat":"Short","pattern":"Spotted\/Marbled"},{"breed":"Birman","country":"developed in France (founding stock from Burma)","origin":"Natural","coat":"Semi Long","pattern":"Colorpoint"},{"breed":"Bombay","country":"developed in the United States (founding stock from Asia)","origin":"Crossbred","coat":"Short","pattern":"Solid"},{"breed":"Brazilian Shorthair","country":"Brazil","origin":"Natural","coat":"Short","pattern":"All"},{"breed":"British Semi-longhair","country":"United Kingdom","origin":"","coat":"Medium","pattern":"All"},{"breed":"British Shorthair","country":"United Kingdom","origin":"Natural","coat":"Short","pattern":"All"},{"breed":"British Longhair","country":"United Kingdom","origin":"","coat":"Long","pattern":""},{"breed":"Burmese","country":"Burma and Thailand","origin":"Natural","coat":"Short","pattern":"Solid"},{"breed":"Burmilla","country":"United Kingdom","origin":"Crossbreed","coat":"Short\/Long","pattern":""},{"breed":"California Spangled","country":"United States","origin":"Crossbreed","coat":"Short","pattern":"Spotted"},{"breed":"Chantilly-Tiffany","country":"United States","origin":"","coat":"","pattern":""},{"breed":"Chartreux","country":"France","origin":"Natural","coat":"Short","pattern":"Solid"},{"breed":"Chausie","country":"France","origin":"Hybrid","coat":"Short","pattern":"Ticked"}],"first_page_url":"https:\/\/catfact.ninja\/breeds?page=1","from":1,"last_page":4,"last_page_url":"https:\/\/catfact.ninja\/breeds?page=4","links":[{"url":null,"label":"Previous","active":false},{"url":"https:\/\/catfact.ninja\/breeds?page=1","label":"1","active":true},{"url":"https:\/\/catfact.ninja\/breeds?page=2","label":"2","active":false},{"url":"https:\/\/catfact.ninja\/breeds?page=3","label":"3","active":false},{"url":"https:\/\/catfact.ninja\/breeds?page=4","label":"4","active":false},{"url":"https:\/\/catfact.ninja\/breeds?page=2","label":"Next","active":false}],"next_page_url":"https:\/\/catfact.ninja\/breeds?page=2","path":"https:\/\/catfact.ninja\/breeds","per_page":25,"prev_page_url":null,"to":25,"total":98} 
 </msg>
<msg time="2024-04-25T10:32:07.561176" level="INFO">C:\Users\NeeranuchS\AppData\Local\Programs\Python\Python310\lib\site-packages\urllib3\connectionpool.py:1095: InsecureRequestWarning: Unverified HTTPS request is being made to host 'catfact.ninja'. Adding certificate verification is strongly advised. See: https://urllib3.readthedocs.io/en/latest/advanced-usage.html#tls-warnings
  warnings.warn(</msg>
<msg time="2024-04-25T10:32:07.562190" level="INFO">${response} = &lt;Response [200]&gt;</msg>
<var>${response}</var>
<arg>session</arg>
<arg>url=${_path}</arg>
<arg>params=${_param}</arg>
<arg>expected_status=${_expected_status}</arg>
<doc>Sends a GET request on a previously created HTTP Session.</doc>
<status status="PASS" start="2024-04-25T10:32:06.494658" elapsed="1.067532"/>
</kw>
<kw name="Return From Keyword" owner="BuiltIn">
<msg time="2024-04-25T10:32:07.562190" level="INFO">Returning from the enclosing user keyword.</msg>
<arg>${response.json()}</arg>
<doc>Returns from the enclosing user keyword.</doc>
<status status="PASS" start="2024-04-25T10:32:07.562190" elapsed="0.000000"/>
</kw>
<msg time="2024-04-25T10:32:07.563879" level="INFO">${response} = {'current_page': 1, 'data': [{'breed': 'Abyssinian', 'country': 'Ethiopia', 'origin': 'Natural/Standard', 'coat': 'Short', 'pattern': 'Ticked'}, {'breed': 'Aegean', 'country': 'Greece', 'origin': 'Nat...</msg>
<var>${response}</var>
<arg>${path}</arg>
<status status="PASS" start="2024-04-25T10:32:06.490164" elapsed="1.073715"/>
</kw>
<kw name="Should Not Be Empty" owner="BuiltIn">
<msg time="2024-04-25T10:32:07.564888" level="INFO">Length is 13.</msg>
<arg>${response}</arg>
<doc>Verifies that the given item is not empty.</doc>
<status status="PASS" start="2024-04-25T10:32:07.563879" elapsed="0.001009"/>
</kw>
<kw name="Create List" owner="BuiltIn">
<msg time="2024-04-25T10:32:07.565897" level="INFO">${expected_response_keys} = ['current_page', 'data', 'first_page_url', 'from', 'last_page', 'last_page_url', 'links', 'next_page_url', 'path', 'per_page', 'prev_page_url', 'to', 'total']</msg>
<var>${expected_response_keys}</var>
<arg>current_page</arg>
<arg>data</arg>
<arg>first_page_url</arg>
<arg>from</arg>
<arg>last_page</arg>
<arg>last_page_url</arg>
<arg>links</arg>
<arg>next_page_url</arg>
<arg>path</arg>
<arg>per_page</arg>
<arg>prev_page_url</arg>
<arg>to</arg>
<arg>total</arg>
<doc>Returns a list containing given items.</doc>
<status status="PASS" start="2024-04-25T10:32:07.564888" elapsed="0.001009"/>
</kw>
<kw name="Response Should Contain Keys" owner="keywords">
<kw name="Get Dictionary Keys" owner="Collections">
<msg time="2024-04-25T10:32:07.566900" level="INFO">${object_keys} = ['current_page', 'data', 'first_page_url', 'from', 'last_page', 'last_page_url', 'links', 'next_page_url', 'path', 'per_page', 'prev_page_url', 'to', 'total']</msg>
<var>${object_keys}</var>
<arg>${object}</arg>
<doc>Returns keys of the given ``dictionary`` as a list.</doc>
<status status="PASS" start="2024-04-25T10:32:07.566900" elapsed="0.000000"/>
</kw>
<kw name="Sort List" owner="Collections">
<arg>${object_keys}</arg>
<doc>Sorts the given list in place.</doc>
<status status="PASS" start="2024-04-25T10:32:07.567898" elapsed="0.000000"/>
</kw>
<kw name="Sort List" owner="Collections">
<arg>${expected_keys}</arg>
<doc>Sorts the given list in place.</doc>
<status status="PASS" start="2024-04-25T10:32:07.567898" elapsed="0.001191"/>
</kw>
<kw name="Log List" owner="Collections">
<msg time="2024-04-25T10:32:07.569089" level="INFO">List length is 13 and it contains following items:
0: current_page
1: data
2: first_page_url
3: from
4: last_page
5: last_page_url
6: links
7: next_page_url
8: path
9: per_page
10: prev_page_url
11: to
12: total</msg>
<arg>${object_keys}</arg>
<doc>Logs the length and contents of the ``list`` using given ``level``.</doc>
<status status="PASS" start="2024-04-25T10:32:07.569089" elapsed="0.000000"/>
</kw>
<kw name="Log List" owner="Collections">
<msg time="2024-04-25T10:32:07.570256" level="INFO">List length is 13 and it contains following items:
0: current_page
1: data
2: first_page_url
3: from
4: last_page
5: last_page_url
6: links
7: next_page_url
8: path
9: per_page
10: prev_page_url
11: to
12: total</msg>
<arg>${expected_keys}</arg>
<doc>Logs the length and contents of the ``list`` using given ``level``.</doc>
<status status="PASS" start="2024-04-25T10:32:07.570256" elapsed="0.000000"/>
</kw>
<kw name="Lists Should Be Equal" owner="Collections">
<msg time="2024-04-25T10:32:07.571379" level="INFO">False</msg>
<arg>${object_keys}</arg>
<arg>${expected_keys}</arg>
<doc>Fails if given lists are unequal.</doc>
<status status="PASS" start="2024-04-25T10:32:07.570256" elapsed="0.001123"/>
</kw>
<arg>${response}</arg>
<arg>${expected_response_keys}</arg>
<status status="PASS" start="2024-04-25T10:32:07.565897" elapsed="0.005482"/>
</kw>
<kw name="Get From Dictionary" owner="Collections">
<msg time="2024-04-25T10:32:07.573149" level="INFO">${response_per_page} = 25</msg>
<var>${response_per_page}</var>
<arg>${response}</arg>
<arg>per_page</arg>
<arg>${None}</arg>
<doc>Returns a value from the given ``dictionary`` based on the given ``key``.</doc>
<status status="PASS" start="2024-04-25T10:32:07.571379" elapsed="0.001770"/>
</kw>
<kw name="Set Variable" owner="BuiltIn">
<msg time="2024-04-25T10:32:07.574221" level="INFO">${expected_default_per_page} = 25</msg>
<var>${expected_default_per_page}</var>
<arg>25</arg>
<doc>Returns the given values which can then be assigned to a variables.</doc>
<status status="PASS" start="2024-04-25T10:32:07.574221" elapsed="0.000000"/>
</kw>
<kw name="Convert To Integer" owner="BuiltIn">
<msg time="2024-04-25T10:32:07.576068" level="INFO">${expected_default_per_page} = 25</msg>
<var>${expected_default_per_page}</var>
<arg>${expected_default_per_page}</arg>
<doc>Converts the given item to an integer number.</doc>
<status status="PASS" start="2024-04-25T10:32:07.575558" elapsed="0.000510"/>
</kw>
<kw name="Should Be Equal" owner="BuiltIn">
<arg>${response_per_page}</arg>
<arg>${expected_default_per_page}</arg>
<doc>Fails if the given objects are unequal.</doc>
<status status="PASS" start="2024-04-25T10:32:07.576068" elapsed="0.001014"/>
</kw>
<status status="PASS" start="2024-04-25T10:32:06.490164" elapsed="1.086918"/>
</test>
<test id="s1-s1-t2" name="Get Breeds with Limit Param Should equal to per_page in Response" line="24">
<kw name="Set Variable" owner="BuiltIn">
<msg time="2024-04-25T10:32:07.580591" level="INFO">${param_limit} = 50</msg>
<var>${param_limit}</var>
<arg>50</arg>
<doc>Returns the given values which can then be assigned to a variables.</doc>
<status status="PASS" start="2024-04-25T10:32:07.580591" elapsed="0.000000"/>
</kw>
<kw name="Create Dictionary" owner="BuiltIn">
<msg time="2024-04-25T10:32:07.583074" level="INFO">${params} = {'limit': '50'}</msg>
<var>${params}</var>
<arg>limit=${param_limit}</arg>
<doc>Creates and returns a dictionary based on the given ``items``.</doc>
<status status="PASS" start="2024-04-25T10:32:07.581613" elapsed="0.001461"/>
</kw>
<kw name="Get Request API" owner="keywords">
<kw name="Create Session" owner="RequestsLibrary">
<msg time="2024-04-25T10:32:07.584657" level="INFO">Creating Session using : alias=session, url=https://catfact.ninja, headers={},                     cookies={}, auth=None, timeout=None, proxies=None, verify=False,                     debug=0 </msg>
<arg>session</arg>
<arg>${base_url}</arg>
<doc>Create Session: create a HTTP session to a server</doc>
<status status="PASS" start="2024-04-25T10:32:07.584657" elapsed="0.000000"/>
</kw>
<kw name="GET On Session" owner="RequestsLibrary">
<msg time="2024-04-25T10:32:08.543994" level="INFO">GET Request : url=https://catfact.ninja/breeds?limit=50 
 path_url=/breeds?limit=50 
 headers={'User-Agent': 'python-requests/2.31.0', 'Accept-Encoding': 'gzip, deflate', 'Accept': '*/*', 'Connection': 'keep-alive'} 
 body=None 
 </msg>
<msg time="2024-04-25T10:32:08.543994" level="INFO">GET Response : url=https://catfact.ninja/breeds?limit=50 
 status=200, reason=OK 
 headers={'Server': 'nginx', 'Date': 'Thu, 25 Apr 2024 03:32:07 GMT', 'Content-Type': 'application/json', 'Transfer-Encoding': 'chunked', 'Connection': 'keep-alive', 'Vary': 'Accept-Encoding', 'Cache-Control': 'no-cache, private', 'X-Ratelimit-Limit': '100', 'X-Ratelimit-Remaining': '98', 'Access-Control-Allow-Origin': '*', 'Set-Cookie': 'XSRF-TOKEN=eyJpdiI6IlFUSjBzVFhncmcveEN3RGRUTS9DaEE9PSIsInZhbHVlIjoiQWtYelJGbkdDeStrc2FrRC9ZTWUxTjYrOVcvL3lPMmw4cXFsbjF3SVhPTU5SRWV3VEFYKzl3QTJYdWwvdy9LTUtoQytWNU1rRHhjc0s2VUZBdmlZWHh2NE1JaDk4WWxQZjNURmdad3czMmo5L0g5a1p3ZlJlQmRMZVk4R0FSL0oiLCJtYWMiOiI2YjI0ODhlOTY0ZTkyMTAzNjUyMTk5NjgwZmVmODU2ZWQ5MThiNzc3MTkzZTlkM2FlNzhkOGEyZjY0YTIzOWQ5IiwidGFnIjoiIn0%3D; expires=Thu, 25-Apr-2024 05:32:07 GMT; path=/; samesite=lax, catfacts_session=eyJpdiI6IjBHaSs5S01FYVQ1MWRpeXRKQWdSREE9PSIsInZhbHVlIjoiSmo5YzJHcGU1KzViajRIRTk1cmxRMHJ1akhNVUViaHZEcklwN05NSWlWRXhGbG9QTTNGMTF6UHJiamxoQVhzL1h6bzBJZHRVZzA0Y0dpenFFWUllemFybEQ1VVZlTXRuZHNLd3FqZVlRZERDQ0grNlJaaXQyc3pMWFl6ck9FQ0oiLCJtYWMiOiIxN2FhMGQxODUyZGM1OTNmZGIxNDM1YTVkZmUyN2U4ZDQzOTI5MTEzY2YwYTA2NDA0NzNhYmVhN2ZiOGRkMTg3IiwidGFnIjoiIn0%3D; expires=Thu, 25-Apr-2024 05:32:07 GMT; path=/; httponly; samesite=lax', 'X-Frame-Options': 'SAMEORIGIN', 'X-XSS-Protection': '1; mode=block', 'X-Content-Type-Options': 'nosniff', 'Content-Encoding': 'gzip'} 
 body={"current_page":1,"data":[{"breed":"Abyssinian","country":"Ethiopia","origin":"Natural\/Standard","coat":"Short","pattern":"Ticked"},{"breed":"Aegean","country":"Greece","origin":"Natural\/Standard","coat":"Semi-long","pattern":"Bi- or tri-colored"},{"breed":"American Curl","country":"United States","origin":"Mutation","coat":"Short\/Long","pattern":"All"},{"breed":"American Bobtail","country":"United States","origin":"Mutation","coat":"Short\/Long","pattern":"All"},{"breed":"American Shorthair","country":"United States","origin":"Natural","coat":"Short","pattern":"All but colorpoint"},{"breed":"American Wirehair","country":"United States","origin":"Mutation","coat":"Rex","pattern":"All but colorpoint"},{"breed":"Arabian Mau","country":"Arabian Peninsula","origin":"Natural","coat":"Short","pattern":""},{"breed":"Australian Mist","country":"Australia","origin":"Crossbreed","coat":"Short","pattern":"Spotted and Classic tabby"},{"breed":"Asian","country":"developed in the United Kingdom (founding stock from Asia)","origin":"","coat":"Short","pattern":"Evenly solid"},{"breed":"Asian Semi-longhair","country":"United Kingdom","origin":"Crossbreed","coat":"Semi-long","pattern":"Solid"},{"breed":"Balinese","country":"developed in the United States (founding stock from Thailand)","origin":"Crossbreed","coat":"Long","pattern":"Colorpoint"},{"breed":"Bambino","country":"United States","origin":"Crossbreed","coat":"Hairless\/Furry down","pattern":""},{"breed":"Bengal","country":"developed in the United States (founding stock from Asia)","origin":"Hybrid","coat":"Short","pattern":"Spotted\/Marbled"},{"breed":"Birman","country":"developed in France (founding stock from Burma)","origin":"Natural","coat":"Semi Long","pattern":"Colorpoint"},{"breed":"Bombay","country":"developed in the United States (founding stock from Asia)","origin":"Crossbred","coat":"Short","pattern":"Solid"},{"breed":"Brazilian Shorthair","country":"Brazil","origin":"Natural","coat":"Short","pattern":"All"},{"breed":"British Semi-longhair","country":"United Kingdom","origin":"","coat":"Medium","pattern":"All"},{"breed":"British Shorthair","country":"United Kingdom","origin":"Natural","coat":"Short","pattern":"All"},{"breed":"British Longhair","country":"United Kingdom","origin":"","coat":"Long","pattern":""},{"breed":"Burmese","country":"Burma and Thailand","origin":"Natural","coat":"Short","pattern":"Solid"},{"breed":"Burmilla","country":"United Kingdom","origin":"Crossbreed","coat":"Short\/Long","pattern":""},{"breed":"California Spangled","country":"United States","origin":"Crossbreed","coat":"Short","pattern":"Spotted"},{"breed":"Chantilly-Tiffany","country":"United States","origin":"","coat":"","pattern":""},{"breed":"Chartreux","country":"France","origin":"Natural","coat":"Short","pattern":"Solid"},{"breed":"Chausie","country":"France","origin":"Hybrid","coat":"Short","pattern":"Ticked"},{"breed":"Cheetoh","country":"United States","origin":"Hybrid Crossbreed","coat":"Short","pattern":"Spotted"},{"breed":"Colorpoint Shorthair","country":"","origin":"","coat":"Short","pattern":""},{"breed":"Cornish Rex","country":"United Kingdom (England)","origin":"Mutation","coat":"Rex","pattern":"All"},{"breed":"Cymric or Manx Longhair","country":"United Kingdom (Isle of Man)","origin":"Natural\/Mutation","coat":"Long","pattern":""},{"breed":"Cyprus","country":"Cyprus","origin":"Natural","coat":"All","pattern":"All"},{"breed":"Devon Rex","country":"United Kingdom (England)","origin":"Mutation","coat":"Rex","pattern":"All"},{"breed":"Donskoy, or Don Sphynx","country":"Russia","origin":"","coat":"Hairless","pattern":""},{"breed":"Dragon Li","country":"China","origin":"Natural","coat":"Short","pattern":"Striped tabby"},{"breed":"Dwarf cat, or Dwelf","country":"","origin":"Crossbreed","coat":"","pattern":"Hairless"},{"breed":"Egyptian Mau","country":"Egypt","origin":"Natural","coat":"Short","pattern":"Spotted"},{"breed":"European Shorthair","country":"Finland and Sweden","origin":"Natural","coat":"Short","pattern":""},{"breed":"Exotic Shorthair","country":"United States","origin":"Crossbreed","coat":"Short","pattern":"All"},{"breed":"Foldex[4]","country":"Canada","origin":"Crossbreed","coat":"Short","pattern":"All"},{"breed":"German Rex","country":"East Germany","origin":"Mutation","coat":"Rex","pattern":""},{"breed":"Havana Brown","country":"United Kingdom","origin":"","coat":"Short","pattern":"Solid"},{"breed":"Highlander","country":"United States","origin":"Crossbreed","coat":"Short\/Long","pattern":"All"},{"breed":"Himalayan, or Colorpoint Persian","country":"United States\/United Kingdom","origin":"Crossbreed","coat":"Long","pattern":"Colorpoint"},{"breed":"Japanese Bobtail","country":"Japan","origin":"Natural","coat":"Short\/Long","pattern":"All but colorpoint and ticked"},{"breed":"Javanese","country":"United States","origin":"Crossbreed","coat":"Long\/Short","pattern":"Colorpoint"},{"breed":"Karelian Bobtail","country":"Western Russia","origin":"Natural","coat":"","pattern":""},{"breed":"Khao Manee","country":"Thailand","origin":"Natural","coat":"Short","pattern":"Solid"},{"breed":"Korat","country":"Thailand","origin":"Natural","coat":"Short","pattern":"Solid"},{"breed":"Korean Bobtail","country":"Korea","origin":"Natural","coat":"Short\/Long","pattern":"Colorprint"},{"breed":"Korn Ja","country":"Thailand","origin":"Natural","coat":"Short\/Hairless","pattern":"Solid"},{"breed":"Kurilian Bobtail, or Kuril Islands Bobtail","country":"Eastern Russia,Japan","origin":"Natural","coat":"Short\/Long","pattern":""}],"first_page_url":"https:\/\/catfact.ninja\/breeds?page=1","from":1,"last_page":2,"last_page_url":"https:\/\/catfact.ninja\/breeds?page=2","links":[{"url":null,"label":"Previous","active":false},{"url":"https:\/\/catfact.ninja\/breeds?page=1","label":"1","active":true},{"url":"https:\/\/catfact.ninja\/breeds?page=2","label":"2","active":false},{"url":"https:\/\/catfact.ninja\/breeds?page=2","label":"Next","active":false}],"next_page_url":"https:\/\/catfact.ninja\/breeds?page=2","path":"https:\/\/catfact.ninja\/breeds","per_page":"50","prev_page_url":null,"to":50,"total":98} 
 </msg>
<msg time="2024-04-25T10:32:08.543994" level="INFO">C:\Users\NeeranuchS\AppData\Local\Programs\Python\Python310\lib\site-packages\urllib3\connectionpool.py:1095: InsecureRequestWarning: Unverified HTTPS request is being made to host 'catfact.ninja'. Adding certificate verification is strongly advised. See: https://urllib3.readthedocs.io/en/latest/advanced-usage.html#tls-warnings
  warnings.warn(</msg>
<msg time="2024-04-25T10:32:08.544992" level="INFO">${response} = &lt;Response [200]&gt;</msg>
<var>${response}</var>
<arg>session</arg>
<arg>url=${_path}</arg>
<arg>params=${_param}</arg>
<arg>expected_status=${_expected_status}</arg>
<doc>Sends a GET request on a previously created HTTP Session.</doc>
<status status="PASS" start="2024-04-25T10:32:07.586160" elapsed="0.958832"/>
</kw>
<kw name="Return From Keyword" owner="BuiltIn">
<msg time="2024-04-25T10:32:08.546131" level="INFO">Returning from the enclosing user keyword.</msg>
<arg>${response.json()}</arg>
<doc>Returns from the enclosing user keyword.</doc>
<status status="PASS" start="2024-04-25T10:32:08.546131" elapsed="0.000000"/>
</kw>
<msg time="2024-04-25T10:32:08.548147" level="INFO">${response} = {'current_page': 1, 'data': [{'breed': 'Abyssinian', 'country': 'Ethiopia', 'origin': 'Natural/Standard', 'coat': 'Short', 'pattern': 'Ticked'}, {'breed': 'Aegean', 'country': 'Greece', 'origin': 'Nat...</msg>
<var>${response}</var>
<arg>${path}</arg>
<arg>${params}</arg>
<status status="PASS" start="2024-04-25T10:32:07.583596" elapsed="0.964551"/>
</kw>
<kw name="Should Not Be Empty" owner="BuiltIn">
<msg time="2024-04-25T10:32:08.549142" level="INFO">Length is 13.</msg>
<arg>${response}</arg>
<doc>Verifies that the given item is not empty.</doc>
<status status="PASS" start="2024-04-25T10:32:08.548147" elapsed="0.000995"/>
</kw>
<kw name="Get From Dictionary" owner="Collections">
<msg time="2024-04-25T10:32:08.550141" level="INFO">${response_per_page} = 50</msg>
<var>${response_per_page}</var>
<arg>${response}</arg>
<arg>per_page</arg>
<arg>${None}</arg>
<doc>Returns a value from the given ``dictionary`` based on the given ``key``.</doc>
<status status="PASS" start="2024-04-25T10:32:08.550141" elapsed="0.000000"/>
</kw>
<kw name="Should Be Equal" owner="BuiltIn">
<arg>${response_per_page}</arg>
<arg>${param_limit}</arg>
<doc>Fails if the given objects are unequal.</doc>
<status status="PASS" start="2024-04-25T10:32:08.551140" elapsed="0.001003"/>
</kw>
<kw name="Get From Dictionary" owner="Collections">
<msg time="2024-04-25T10:32:08.553144" level="INFO">${response_data} = [{'breed': 'Abyssinian', 'country': 'Ethiopia', 'origin': 'Natural/Standard', 'coat': 'Short', 'pattern': 'Ticked'}, {'breed': 'Aegean', 'country': 'Greece', 'origin': 'Natural/Standard', 'coat': 'Sem...</msg>
<var>${response_data}</var>
<arg>${response}</arg>
<arg>data</arg>
<arg>${None}</arg>
<doc>Returns a value from the given ``dictionary`` based on the given ``key``.</doc>
<status status="PASS" start="2024-04-25T10:32:08.552143" elapsed="0.002003"/>
</kw>
<kw name="Get Length" owner="BuiltIn">
<msg time="2024-04-25T10:32:08.555141" level="INFO">Length is 50.</msg>
<msg time="2024-04-25T10:32:08.555141" level="INFO">${length_response_data} = 50</msg>
<var>${length_response_data}</var>
<arg>${response_data}</arg>
<doc>Returns and logs the length of the given item as an integer.</doc>
<status status="PASS" start="2024-04-25T10:32:08.554146" elapsed="0.000995"/>
</kw>
<kw name="Convert To Integer" owner="BuiltIn">
<msg time="2024-04-25T10:32:08.556141" level="INFO">${int_param_limit} = 50</msg>
<var>${int_param_limit}</var>
<arg>${param_limit}</arg>
<doc>Converts the given item to an integer number.</doc>
<status status="PASS" start="2024-04-25T10:32:08.556141" elapsed="0.000000"/>
</kw>
<kw name="Should Be Equal" owner="BuiltIn">
<arg>${length_response_data}</arg>
<arg>${int_param_limit}</arg>
<doc>Fails if the given objects are unequal.</doc>
<status status="PASS" start="2024-04-25T10:32:08.557504" elapsed="0.001012"/>
</kw>
<status status="PASS" start="2024-04-25T10:32:07.579079" elapsed="0.979437"/>
</test>
<test id="s1-s1-t3" name="Get Breeds and Verify Breeds Keys in data" line="37">
<kw name="Set Variable" owner="BuiltIn">
<msg time="2024-04-25T10:32:08.562238" level="INFO">${param_limit} = 1</msg>
<var>${param_limit}</var>
<arg>1</arg>
<doc>Returns the given values which can then be assigned to a variables.</doc>
<status status="PASS" start="2024-04-25T10:32:08.560870" elapsed="0.001368"/>
</kw>
<kw name="Create Dictionary" owner="BuiltIn">
<msg time="2024-04-25T10:32:08.563741" level="INFO">${params} = {'limit': '1'}</msg>
<var>${params}</var>
<arg>limit=${param_limit}</arg>
<doc>Creates and returns a dictionary based on the given ``items``.</doc>
<status status="PASS" start="2024-04-25T10:32:08.562238" elapsed="0.001503"/>
</kw>
<kw name="Get Request API" owner="keywords">
<kw name="Create Session" owner="RequestsLibrary">
<msg time="2024-04-25T10:32:08.567366" level="INFO">Creating Session using : alias=session, url=https://catfact.ninja, headers={},                     cookies={}, auth=None, timeout=None, proxies=None, verify=False,                     debug=0 </msg>
<arg>session</arg>
<arg>${base_url}</arg>
<doc>Create Session: create a HTTP session to a server</doc>
<status status="PASS" start="2024-04-25T10:32:08.567366" elapsed="0.001014"/>
</kw>
<kw name="GET On Session" owner="RequestsLibrary">
<msg time="2024-04-25T10:32:09.463510" level="INFO">GET Request : url=https://catfact.ninja/breeds?limit=1 
 path_url=/breeds?limit=1 
 headers={'User-Agent': 'python-requests/2.31.0', 'Accept-Encoding': 'gzip, deflate', 'Accept': '*/*', 'Connection': 'keep-alive'} 
 body=None 
 </msg>
<msg time="2024-04-25T10:32:09.463510" level="INFO">GET Response : url=https://catfact.ninja/breeds?limit=1 
 status=200, reason=OK 
 headers={'Server': 'nginx', 'Date': 'Thu, 25 Apr 2024 03:32:08 GMT', 'Content-Type': 'application/json', 'Transfer-Encoding': 'chunked', 'Connection': 'keep-alive', 'Vary': 'Accept-Encoding', 'Cache-Control': 'no-cache, private', 'X-Ratelimit-Limit': '100', 'X-Ratelimit-Remaining': '97', 'Access-Control-Allow-Origin': '*', 'Set-Cookie': 'XSRF-TOKEN=eyJpdiI6IlE2cGo4YTdlRkZGQ3VuUkRickp5Mnc9PSIsInZhbHVlIjoiSll5bC9HVGFjWm9YcW4wRWF5MlJIOHRRM3lFb2xZTXN6Unl0dnZEWHpDZ3ZFMGY0Y3NQQzZCN0gxc2hrMWp4eU0raE0xMzAyUG9zQVlVNnJMRWE4Q1h5amFERUlLUFBBZTBpbVZKVWs3NERYeWVzRUVQU1BYRm84NTJYQVhSdXUiLCJtYWMiOiJiOWQyZGNjYTc4ZDhhYWJmYmI2OWY4ZjYwMjAyYjI2YjA1ZjhkYmRhYjNkYzgwYjE5MjY5ODQ1ZGMyODFkMGMzIiwidGFnIjoiIn0%3D; expires=Thu, 25-Apr-2024 05:32:08 GMT; path=/; samesite=lax, catfacts_session=eyJpdiI6IjFZRzkyMnBrNUZsVUdUcVU4TUJRR2c9PSIsInZhbHVlIjoiQm9sOTR6UlZwZTZsak9Ea2l3eE5NdGlubmd4NG1KRWp4Z2l3T0oxVWNjbmVGVDhxWm1KeWR1MjRhSkUxZ0IvdTE4MDB6TnRGRDZjdUtGQzJKMTg0VE9pSlNxbnlZR1NhK1dLTzZMOTVyNGVMR2ZJa1kyN3FKUHJMNDFUTFVKRkEiLCJtYWMiOiIzNGNhOGQxZTIyN2U3NTBmOTUyM2Y0YzVmNjc0OWIzNzczNDdhYWU5YjM5Y2EyNDExNmE2NGVkZGUyNmNhY2FhIiwidGFnIjoiIn0%3D; expires=Thu, 25-Apr-2024 05:32:08 GMT; path=/; httponly; samesite=lax', 'X-Frame-Options': 'SAMEORIGIN', 'X-XSS-Protection': '1; mode=block', 'X-Content-Type-Options': 'nosniff', 'Content-Encoding': 'gzip'} 
 body={"current_page":1,"data":[{"breed":"Abyssinian","country":"Ethiopia","origin":"Natural\/Standard","coat":"Short","pattern":"Ticked"}],"first_page_url":"https:\/\/catfact.ninja\/breeds?page=1","from":1,"last_page":98,"last_page_url":"https:\/\/catfact.ninja\/breeds?page=98","links":[{"url":null,"label":"Previous","active":false},{"url":"https:\/\/catfact.ninja\/breeds?page=1","label":"1","active":true},{"url":"https:\/\/catfact.ninja\/breeds?page=2","label":"2","active":false},{"url":"https:\/\/catfact.ninja\/breeds?page=3","label":"3","active":false},{"url":"https:\/\/catfact.ninja\/breeds?page=4","label":"4","active":false},{"url":"https:\/\/catfact.ninja\/breeds?page=5","label":"5","active":false},{"url":"https:\/\/catfact.ninja\/breeds?page=6","label":"6","active":false},{"url":"https:\/\/catfact.ninja\/breeds?page=7","label":"7","active":false},{"url":"https:\/\/catfact.ninja\/breeds?page=8","label":"8","active":false},{"url":"https:\/\/catfact.ninja\/breeds?page=9","label":"9","active":false},{"url":"https:\/\/catfact.ninja\/breeds?page=10","label":"10","active":false},{"url":null,"label":"...","active":false},{"url":"https:\/\/catfact.ninja\/breeds?page=97","label":"97","active":false},{"url":"https:\/\/catfact.ninja\/breeds?page=98","label":"98","active":false},{"url":"https:\/\/catfact.ninja\/breeds?page=2","label":"Next","active":false}],"next_page_url":"https:\/\/catfact.ninja\/breeds?page=2","path":"https:\/\/catfact.ninja\/breeds","per_page":"1","prev_page_url":null,"to":1,"total":98} 
 </msg>
<msg time="2024-04-25T10:32:09.463510" level="INFO">C:\Users\NeeranuchS\AppData\Local\Programs\Python\Python310\lib\site-packages\urllib3\connectionpool.py:1095: InsecureRequestWarning: Unverified HTTPS request is being made to host 'catfact.ninja'. Adding certificate verification is strongly advised. See: https://urllib3.readthedocs.io/en/latest/advanced-usage.html#tls-warnings
  warnings.warn(</msg>
<msg time="2024-04-25T10:32:09.465218" level="INFO">${response} = &lt;Response [200]&gt;</msg>
<var>${response}</var>
<arg>session</arg>
<arg>url=${_path}</arg>
<arg>params=${_param}</arg>
<arg>expected_status=${_expected_status}</arg>
<doc>Sends a GET request on a previously created HTTP Session.</doc>
<status status="PASS" start="2024-04-25T10:32:08.568380" elapsed="0.896838"/>
</kw>
<kw name="Return From Keyword" owner="BuiltIn">
<msg time="2024-04-25T10:32:09.466231" level="INFO">Returning from the enclosing user keyword.</msg>
<arg>${response.json()}</arg>
<doc>Returns from the enclosing user keyword.</doc>
<status status="PASS" start="2024-04-25T10:32:09.465218" elapsed="0.001013"/>
</kw>
<msg time="2024-04-25T10:32:09.467237" level="INFO">${response} = {'current_page': 1, 'data': [{'breed': 'Abyssinian', 'country': 'Ethiopia', 'origin': 'Natural/Standard', 'coat': 'Short', 'pattern': 'Ticked'}], 'first_page_url': 'https://catfact.ninja/breeds?page=1...</msg>
<var>${response}</var>
<arg>${path}</arg>
<arg>${params}</arg>
<status status="PASS" start="2024-04-25T10:32:08.564916" elapsed="0.902321"/>
</kw>
<kw name="Should Not Be Empty" owner="BuiltIn">
<msg time="2024-04-25T10:32:09.468239" level="INFO">Length is 13.</msg>
<arg>${response}</arg>
<doc>Verifies that the given item is not empty.</doc>
<status status="PASS" start="2024-04-25T10:32:09.468239" elapsed="0.000000"/>
</kw>
<kw name="Get From Dictionary" owner="Collections">
<msg time="2024-04-25T10:32:09.470239" level="INFO">${response_data} = [{'breed': 'Abyssinian', 'country': 'Ethiopia', 'origin': 'Natural/Standard', 'coat': 'Short', 'pattern': 'Ticked'}]</msg>
<var>${response_data}</var>
<arg>${response}</arg>
<arg>data</arg>
<arg>${None}</arg>
<doc>Returns a value from the given ``dictionary`` based on the given ``key``.</doc>
<status status="PASS" start="2024-04-25T10:32:09.469242" elapsed="0.000997"/>
</kw>
<kw name="Get From List" owner="Collections">
<msg time="2024-04-25T10:32:09.471240" level="INFO">${data} = {'breed': 'Abyssinian', 'country': 'Ethiopia', 'origin': 'Natural/Standard', 'coat': 'Short', 'pattern': 'Ticked'}</msg>
<var>${data}</var>
<arg>${response_data}</arg>
<arg>0</arg>
<doc>Returns the value specified with an ``index`` from ``list``.</doc>
<status status="PASS" start="2024-04-25T10:32:09.471240" elapsed="0.000000"/>
</kw>
<kw name="Create List" owner="BuiltIn">
<msg time="2024-04-25T10:32:09.473241" level="INFO">${expected_data_keys} = ['breed', 'country', 'origin', 'coat', 'pattern']</msg>
<var>${expected_data_keys}</var>
<arg>breed</arg>
<arg>country</arg>
<arg>origin</arg>
<arg>coat</arg>
<arg>pattern</arg>
<doc>Returns a list containing given items.</doc>
<status status="PASS" start="2024-04-25T10:32:09.472242" elapsed="0.000999"/>
</kw>
<kw name="Response Should Contain Keys" owner="keywords">
<kw name="Get Dictionary Keys" owner="Collections">
<msg time="2024-04-25T10:32:09.474716" level="INFO">${object_keys} = ['breed', 'coat', 'country', 'origin', 'pattern']</msg>
<var>${object_keys}</var>
<arg>${object}</arg>
<doc>Returns keys of the given ``dictionary`` as a list.</doc>
<status status="PASS" start="2024-04-25T10:32:09.474716" elapsed="0.000000"/>
</kw>
<kw name="Sort List" owner="Collections">
<arg>${object_keys}</arg>
<doc>Sorts the given list in place.</doc>
<status status="PASS" start="2024-04-25T10:32:09.474716" elapsed="0.000000"/>
</kw>
<kw name="Sort List" owner="Collections">
<arg>${expected_keys}</arg>
<doc>Sorts the given list in place.</doc>
<status status="PASS" start="2024-04-25T10:32:09.476175" elapsed="0.000509"/>
</kw>
<kw name="Log List" owner="Collections">
<msg time="2024-04-25T10:32:09.477467" level="INFO">List length is 5 and it contains following items:
0: breed
1: coat
2: country
3: origin
4: pattern</msg>
<arg>${object_keys}</arg>
<doc>Logs the length and contents of the ``list`` using given ``level``.</doc>
<status status="PASS" start="2024-04-25T10:32:09.476684" elapsed="0.000783"/>
</kw>
<kw name="Log List" owner="Collections">
<msg time="2024-04-25T10:32:09.477977" level="INFO">List length is 5 and it contains following items:
0: breed
1: coat
2: country
3: origin
4: pattern</msg>
<arg>${expected_keys}</arg>
<doc>Logs the length and contents of the ``list`` using given ``level``.</doc>
<status status="PASS" start="2024-04-25T10:32:09.477467" elapsed="0.000510"/>
</kw>
<kw name="Lists Should Be Equal" owner="Collections">
<msg time="2024-04-25T10:32:09.478517" level="INFO">False</msg>
<arg>${object_keys}</arg>
<arg>${expected_keys}</arg>
<doc>Fails if given lists are unequal.</doc>
<status status="PASS" start="2024-04-25T10:32:09.477977" elapsed="0.000540"/>
</kw>
<arg>${data}</arg>
<arg>${expected_data_keys}</arg>
<status status="PASS" start="2024-04-25T10:32:09.473241" elapsed="0.005817"/>
</kw>
<status status="PASS" start="2024-04-25T10:32:08.560870" elapsed="0.918728"/>
</test>
<status status="PASS" start="2024-04-25T10:32:06.029118" elapsed="3.452633"/>
</suite>
<suite id="s1-s2" name="Fact" source="D:\Code\robot-catfact\fact.robot">
<test id="s1-s2-t1" name="Get Random Cat Fact Should Success and Return Not Empty Response" line="12">
<kw name="Get Request API" owner="keywords">
<kw name="Create Session" owner="RequestsLibrary">
<msg time="2024-04-25T10:32:09.504572" level="INFO">Creating Session using : alias=session, url=https://catfact.ninja, headers={},                     cookies={}, auth=None, timeout=None, proxies=None, verify=False,                     debug=0 </msg>
<arg>session</arg>
<arg>${base_url}</arg>
<doc>Create Session: create a HTTP session to a server</doc>
<status status="PASS" start="2024-04-25T10:32:09.504065" elapsed="0.001051"/>
</kw>
<kw name="GET On Session" owner="RequestsLibrary">
<msg time="2024-04-25T10:32:10.388147" level="INFO">GET Request : url=https://catfact.ninja/fact 
 path_url=/fact 
 headers={'User-Agent': 'python-requests/2.31.0', 'Accept-Encoding': 'gzip, deflate', 'Accept': '*/*', 'Connection': 'keep-alive'} 
 body=None 
 </msg>
<msg time="2024-04-25T10:32:10.389276" level="INFO">GET Response : url=https://catfact.ninja/fact 
 status=200, reason=OK 
 headers={'Server': 'nginx', 'Date': 'Thu, 25 Apr 2024 03:32:09 GMT', 'Content-Type': 'application/json', 'Transfer-Encoding': 'chunked', 'Connection': 'keep-alive', 'Vary': 'Accept-Encoding', 'Cache-Control': 'no-cache, private', 'X-Ratelimit-Limit': '100', 'X-Ratelimit-Remaining': '96', 'Access-Control-Allow-Origin': '*', 'Set-Cookie': 'XSRF-TOKEN=eyJpdiI6InE4U1ZnRTNLV0hDMVYrZ2oxMUZCQWc9PSIsInZhbHVlIjoiLzZrd2dvejBqOXpOYkJINmpDUTZPZHBBbmMrZlNDZ1JyYTVvN0VtUUN4WFMyU2JhZEhFMmIzWU5lSTRTSkUyRGE0MEtvem1QSGhSMkZSSGg0czZvU256a1ByRW1TcGZzVS9yYkdha2tlVVNOZ25KckZ3MVB0ZzBZN1RxUEY5T3IiLCJtYWMiOiI3YmVhODU3MGJjYzI3YjRhZGEyNDE4ZjM3ZWZmN2QwNjBhYzBkNzdmMDg3NjFhNWNlOTJlYjRkYmZiMTEyNDhlIiwidGFnIjoiIn0%3D; expires=Thu, 25-Apr-2024 05:32:09 GMT; path=/; samesite=lax, catfacts_session=eyJpdiI6InFzSkttdGk4RlFNTUhjeUJEK21Dd1E9PSIsInZhbHVlIjoiYUp0ZEU2dXV4WkZYMTd1eWtKVDRpaVFoZXA3MVE3cjNaMWtyS0xoaDFPVTZxRWpZZmlIV0xOdzVJYjhERGlybDV6Z2tGcE9XWWVNSFZTbmVZbGkyS3lNZzFuQjZkWVhBNms3dURtTytac2luTXhMQU5mb0tuNy9wZXJOb05QWisiLCJtYWMiOiJjZjQwMzI0NzM5NWFiMTQ3NjFjNGE0NzIxNWY3ODU2OTZlOGExMWFlODA2NGUxYTE4OTIyZThlOGQ3ZDFhY2U3IiwidGFnIjoiIn0%3D; expires=Thu, 25-Apr-2024 05:32:09 GMT; path=/; httponly; samesite=lax', 'X-Frame-Options': 'SAMEORIGIN', 'X-XSS-Protection': '1; mode=block', 'X-Content-Type-Options': 'nosniff', 'Content-Encoding': 'gzip'} 
 body={"fact":"A female cat can be referred to as a molly or a queen, and a male cat is often labeled as a tom.","length":96} 
 </msg>
<msg time="2024-04-25T10:32:10.389276" level="INFO">C:\Users\NeeranuchS\AppData\Local\Programs\Python\Python310\lib\site-packages\urllib3\connectionpool.py:1095: InsecureRequestWarning: Unverified HTTPS request is being made to host 'catfact.ninja'. Adding certificate verification is strongly advised. See: https://urllib3.readthedocs.io/en/latest/advanced-usage.html#tls-warnings
  warnings.warn(</msg>
<msg time="2024-04-25T10:32:10.389276" level="INFO">${response} = &lt;Response [200]&gt;</msg>
<var>${response}</var>
<arg>session</arg>
<arg>url=${_path}</arg>
<arg>params=${_param}</arg>
<arg>expected_status=${_expected_status}</arg>
<doc>Sends a GET request on a previously created HTTP Session.</doc>
<status status="PASS" start="2024-04-25T10:32:09.505116" elapsed="0.884160"/>
</kw>
<kw name="Return From Keyword" owner="BuiltIn">
<msg time="2024-04-25T10:32:10.390356" level="INFO">Returning from the enclosing user keyword.</msg>
<arg>${response.json()}</arg>
<doc>Returns from the enclosing user keyword.</doc>
<status status="PASS" start="2024-04-25T10:32:10.390356" elapsed="0.000000"/>
</kw>
<msg time="2024-04-25T10:32:10.391367" level="INFO">${response} = {'fact': 'A female cat can be referred to as a molly or a queen, and a male cat is often labeled as a tom.', 'length': 96}</msg>
<var>${response}</var>
<arg>${path}</arg>
<status status="PASS" start="2024-04-25T10:32:09.503072" elapsed="0.888295"/>
</kw>
<kw name="Should Not Be Empty" owner="BuiltIn">
<msg time="2024-04-25T10:32:10.392373" level="INFO">Length is 2.</msg>
<arg>${response}</arg>
<doc>Verifies that the given item is not empty.</doc>
<status status="PASS" start="2024-04-25T10:32:10.392373" elapsed="0.000000"/>
</kw>
<kw name="Get From Dictionary" owner="Collections">
<msg time="2024-04-25T10:32:10.393601" level="INFO">${response_fact} = A female cat can be referred to as a molly or a queen, and a male cat is often labeled as a tom.</msg>
<var>${response_fact}</var>
<arg>${response}</arg>
<arg>fact</arg>
<arg>${None}</arg>
<doc>Returns a value from the given ``dictionary`` based on the given ``key``.</doc>
<status status="PASS" start="2024-04-25T10:32:10.392373" elapsed="0.001228"/>
</kw>
<kw name="Get Length" owner="BuiltIn">
<msg time="2024-04-25T10:32:10.393601" level="INFO">Length is 96.</msg>
<msg time="2024-04-25T10:32:10.393601" level="INFO">${length_char_response_fact} = 96</msg>
<var>${length_char_response_fact}</var>
<arg>${response_fact}</arg>
<doc>Returns and logs the length of the given item as an integer.</doc>
<status status="PASS" start="2024-04-25T10:32:10.393601" elapsed="0.000000"/>
</kw>
<kw name="Get From Dictionary" owner="Collections">
<msg time="2024-04-25T10:32:10.394989" level="INFO">${response_length} = 96</msg>
<var>${response_length}</var>
<arg>${response}</arg>
<arg>length</arg>
<arg>${None}</arg>
<doc>Returns a value from the given ``dictionary`` based on the given ``key``.</doc>
<status status="PASS" start="2024-04-25T10:32:10.394989" elapsed="0.000000"/>
</kw>
<kw name="Should Be Equal" owner="BuiltIn">
<arg>${length_char_response_fact}</arg>
<arg>${response_length}</arg>
<doc>Fails if the given objects are unequal.</doc>
<status status="PASS" start="2024-04-25T10:32:10.396000" elapsed="0.000000"/>
</kw>
<kw name="Create List" owner="BuiltIn">
<msg time="2024-04-25T10:32:10.397000" level="INFO">${expected_response_keys} = ['fact', 'length']</msg>
<var>${expected_response_keys}</var>
<arg>fact</arg>
<arg>length</arg>
<doc>Returns a list containing given items.</doc>
<status status="PASS" start="2024-04-25T10:32:10.396000" elapsed="0.001000"/>
</kw>
<kw name="Response Should Contain Keys" owner="keywords">
<kw name="Get Dictionary Keys" owner="Collections">
<msg time="2024-04-25T10:32:10.398369" level="INFO">${object_keys} = ['fact', 'length']</msg>
<var>${object_keys}</var>
<arg>${object}</arg>
<doc>Returns keys of the given ``dictionary`` as a list.</doc>
<status status="PASS" start="2024-04-25T10:32:10.397000" elapsed="0.001369"/>
</kw>
<kw name="Sort List" owner="Collections">
<arg>${object_keys}</arg>
<doc>Sorts the given list in place.</doc>
<status status="PASS" start="2024-04-25T10:32:10.398369" elapsed="0.000000"/>
</kw>
<kw name="Sort List" owner="Collections">
<arg>${expected_keys}</arg>
<doc>Sorts the given list in place.</doc>
<status status="PASS" start="2024-04-25T10:32:10.398369" elapsed="0.001011"/>
</kw>
<kw name="Log List" owner="Collections">
<msg time="2024-04-25T10:32:10.399380" level="INFO">List length is 2 and it contains following items:
0: fact
1: length</msg>
<arg>${object_keys}</arg>
<doc>Logs the length and contents of the ``list`` using given ``level``.</doc>
<status status="PASS" start="2024-04-25T10:32:10.399380" elapsed="0.000000"/>
</kw>
<kw name="Log List" owner="Collections">
<msg time="2024-04-25T10:32:10.400379" level="INFO">List length is 2 and it contains following items:
0: fact
1: length</msg>
<arg>${expected_keys}</arg>
<doc>Logs the length and contents of the ``list`` using given ``level``.</doc>
<status status="PASS" start="2024-04-25T10:32:10.400379" elapsed="0.000000"/>
</kw>
<kw name="Lists Should Be Equal" owner="Collections">
<msg time="2024-04-25T10:32:10.401379" level="INFO">False</msg>
<arg>${object_keys}</arg>
<arg>${expected_keys}</arg>
<doc>Fails if given lists are unequal.</doc>
<status status="PASS" start="2024-04-25T10:32:10.400379" elapsed="0.001000"/>
</kw>
<arg>${response}</arg>
<arg>${expected_response_keys}</arg>
<status status="PASS" start="2024-04-25T10:32:10.397000" elapsed="0.004379"/>
</kw>
<status status="PASS" start="2024-04-25T10:32:09.502024" elapsed="0.900355"/>
</test>
<test id="s1-s2-t2" name="Get Random Cat Fact Whose Length of Fact Should Less than or equal to Max Length" line="24">
<kw name="Set Variable" owner="BuiltIn">
<msg time="2024-04-25T10:32:10.405434" level="INFO">${param_length_fact} = 50</msg>
<var>${param_length_fact}</var>
<arg>50</arg>
<doc>Returns the given values which can then be assigned to a variables.</doc>
<status status="PASS" start="2024-04-25T10:32:10.404927" elapsed="0.000507"/>
</kw>
<kw name="Create Dictionary" owner="BuiltIn">
<msg time="2024-04-25T10:32:10.406443" level="INFO">${params} = {'max_length': '50'}</msg>
<var>${params}</var>
<arg>max_length=${param_length_fact}</arg>
<doc>Creates and returns a dictionary based on the given ``items``.</doc>
<status status="PASS" start="2024-04-25T10:32:10.405434" elapsed="0.001009"/>
</kw>
<kw name="Get Request API" owner="keywords">
<kw name="Create Session" owner="RequestsLibrary">
<msg time="2024-04-25T10:32:10.409047" level="INFO">Creating Session using : alias=session, url=https://catfact.ninja, headers={},                     cookies={}, auth=None, timeout=None, proxies=None, verify=False,                     debug=0 </msg>
<arg>session</arg>
<arg>${base_url}</arg>
<doc>Create Session: create a HTTP session to a server</doc>
<status status="PASS" start="2024-04-25T10:32:10.407907" elapsed="0.001140"/>
</kw>
<kw name="GET On Session" owner="RequestsLibrary">
<msg time="2024-04-25T10:32:11.304916" level="INFO">GET Request : url=https://catfact.ninja/fact?max_length=50 
 path_url=/fact?max_length=50 
 headers={'User-Agent': 'python-requests/2.31.0', 'Accept-Encoding': 'gzip, deflate', 'Accept': '*/*', 'Connection': 'keep-alive'} 
 body=None 
 </msg>
<msg time="2024-04-25T10:32:11.306237" level="INFO">GET Response : url=https://catfact.ninja/fact?max_length=50 
 status=200, reason=OK 
 headers={'Server': 'nginx', 'Date': 'Thu, 25 Apr 2024 03:32:10 GMT', 'Content-Type': 'application/json', 'Transfer-Encoding': 'chunked', 'Connection': 'keep-alive', 'Vary': 'Accept-Encoding', 'Cache-Control': 'no-cache, private', 'X-Ratelimit-Limit': '100', 'X-Ratelimit-Remaining': '95', 'Access-Control-Allow-Origin': '*', 'Set-Cookie': 'XSRF-TOKEN=eyJpdiI6IlJhbmg2ZjhOcTlFcEovWCttTWh6QXc9PSIsInZhbHVlIjoiZU5RUWsvYklrSEZnY3dleXEwK3ZmNlVNNU5rVkEvRVQreWJHZWthRmcwWEwvWi8xd0xBQ0hMa0M4ZklGVDRVYXIyaDZPRUlJblcrcUVXSjNoYkpRZEEwZHloVVBXR250MWthU1FSMlR6M08vWE9mbllKbjR2c3lrWjVaS3hLSEIiLCJtYWMiOiJiNTA5NzQwZTc0NzQ4NmFiY2MwNDk0NmY1ZjQ2NTBlOTdhMzMwNWJjMmMzZmVmNTI2NDYzNDM3ZWZkNTlmYjIzIiwidGFnIjoiIn0%3D; expires=Thu, 25-Apr-2024 05:32:10 GMT; path=/; samesite=lax, catfacts_session=eyJpdiI6ImNFcGhuZDN5ZUdDZ1JSRkwzNUZpQ3c9PSIsInZhbHVlIjoiMzFGekVTT2tqVXVoeTNSbUJPRE1aUVpWUTlSQkk1TGhyZldZcm1hSjh4ZGpYNWxlTy9STTZOWTRjMWhvb1Q5Rktxd1I4cUEzalVGd1YzM0NOcm9DdjNyS3FlUUVWNTRWVGlVN2lmWkFjTVJlTTViRjNDM0xxaVYzOEk4T1cwamoiLCJtYWMiOiJlNzFkM2M5YzNhZjViY2M3MTE1ZjkyOTNlOTAwMTE0ZGMwMzQ3OThmNWQyYzdlYWZkYzY4ZTYzMDM3NGZhZTdiIiwidGFnIjoiIn0%3D; expires=Thu, 25-Apr-2024 05:32:10 GMT; path=/; httponly; samesite=lax', 'X-Frame-Options': 'SAMEORIGIN', 'X-XSS-Protection': '1; mode=block', 'X-Content-Type-Options': 'nosniff', 'Content-Encoding': 'gzip'} 
 body={"fact":"A domestic cat can run at speeds of 30 mph.","length":43} 
 </msg>
<msg time="2024-04-25T10:32:11.306237" level="INFO">C:\Users\NeeranuchS\AppData\Local\Programs\Python\Python310\lib\site-packages\urllib3\connectionpool.py:1095: InsecureRequestWarning: Unverified HTTPS request is being made to host 'catfact.ninja'. Adding certificate verification is strongly advised. See: https://urllib3.readthedocs.io/en/latest/advanced-usage.html#tls-warnings
  warnings.warn(</msg>
<msg time="2024-04-25T10:32:11.306237" level="INFO">${response} = &lt;Response [200]&gt;</msg>
<var>${response}</var>
<arg>session</arg>
<arg>url=${_path}</arg>
<arg>params=${_param}</arg>
<arg>expected_status=${_expected_status}</arg>
<doc>Sends a GET request on a previously created HTTP Session.</doc>
<status status="PASS" start="2024-04-25T10:32:10.409047" elapsed="0.897190"/>
</kw>
<kw name="Return From Keyword" owner="BuiltIn">
<msg time="2024-04-25T10:32:11.307525" level="INFO">Returning from the enclosing user keyword.</msg>
<arg>${response.json()}</arg>
<doc>Returns from the enclosing user keyword.</doc>
<status status="PASS" start="2024-04-25T10:32:11.306237" elapsed="0.001288"/>
</kw>
<msg time="2024-04-25T10:32:11.307525" level="INFO">${response} = {'fact': 'A domestic cat can run at speeds of 30 mph.', 'length': 43}</msg>
<var>${response}</var>
<arg>${path}</arg>
<arg>${params}</arg>
<status status="PASS" start="2024-04-25T10:32:10.406443" elapsed="0.901082"/>
</kw>
<kw name="Should Not Be Empty" owner="BuiltIn">
<msg time="2024-04-25T10:32:11.308970" level="INFO">Length is 2.</msg>
<arg>${response}</arg>
<doc>Verifies that the given item is not empty.</doc>
<status status="PASS" start="2024-04-25T10:32:11.308970" elapsed="0.001008"/>
</kw>
<kw name="Get From Dictionary" owner="Collections">
<msg time="2024-04-25T10:32:11.310988" level="INFO">${response_fact} = A domestic cat can run at speeds of 30 mph.</msg>
<var>${response_fact}</var>
<arg>${response}</arg>
<arg>fact</arg>
<arg>${None}</arg>
<doc>Returns a value from the given ``dictionary`` based on the given ``key``.</doc>
<status status="PASS" start="2024-04-25T10:32:11.309978" elapsed="0.001010"/>
</kw>
<kw name="Get Length" owner="BuiltIn">
<msg time="2024-04-25T10:32:11.312148" level="INFO">Length is 43.</msg>
<msg time="2024-04-25T10:32:11.312148" level="INFO">${count_char_response_fact} = 43</msg>
<var>${count_char_response_fact}</var>
<arg>${response_fact}</arg>
<doc>Returns and logs the length of the given item as an integer.</doc>
<status status="PASS" start="2024-04-25T10:32:11.310988" elapsed="0.001160"/>
</kw>
<kw name="Get From Dictionary" owner="Collections">
<msg time="2024-04-25T10:32:11.313162" level="INFO">${response_length} = 43</msg>
<var>${response_length}</var>
<arg>${response}</arg>
<arg>length</arg>
<arg>${None}</arg>
<doc>Returns a value from the given ``dictionary`` based on the given ``key``.</doc>
<status status="PASS" start="2024-04-25T10:32:11.312148" elapsed="0.001014"/>
</kw>
<kw name="Should Be True" owner="BuiltIn">
<arg>${count_char_response_fact}&lt;=${param_length_fact}</arg>
<doc>Fails if the given condition is not true.</doc>
<status status="PASS" start="2024-04-25T10:32:11.314159" elapsed="0.000000"/>
</kw>
<kw name="Should Be True" owner="BuiltIn">
<arg>${response_length}&lt;=${param_length_fact}</arg>
<doc>Fails if the given condition is not true.</doc>
<status status="PASS" start="2024-04-25T10:32:11.314159" elapsed="0.001228"/>
</kw>
<status status="PASS" start="2024-04-25T10:32:10.403510" elapsed="0.911877"/>
</test>
<test id="s1-s2-t3" name="Get Random Cat Fact Should Success and Return Empty Response" line="36">
<kw name="Create Dictionary" owner="BuiltIn">
<msg time="2024-04-25T10:32:11.317788" level="INFO">${params} = {'max_length': '0'}</msg>
<var>${params}</var>
<arg>max_length=0</arg>
<doc>Creates and returns a dictionary based on the given ``items``.</doc>
<status status="PASS" start="2024-04-25T10:32:11.317788" elapsed="0.000000"/>
</kw>
<kw name="Get Request API" owner="keywords">
<kw name="Create Session" owner="RequestsLibrary">
<msg time="2024-04-25T10:32:11.320328" level="INFO">Creating Session using : alias=session, url=https://catfact.ninja, headers={},                     cookies={}, auth=None, timeout=None, proxies=None, verify=False,                     debug=0 </msg>
<arg>session</arg>
<arg>${base_url}</arg>
<doc>Create Session: create a HTTP session to a server</doc>
<status status="PASS" start="2024-04-25T10:32:11.320328" elapsed="0.001139"/>
</kw>
<kw name="GET On Session" owner="RequestsLibrary">
<msg time="2024-04-25T10:32:12.226269" level="INFO">GET Request : url=https://catfact.ninja/fact?max_length=0 
 path_url=/fact?max_length=0 
 headers={'User-Agent': 'python-requests/2.31.0', 'Accept-Encoding': 'gzip, deflate', 'Accept': '*/*', 'Connection': 'keep-alive'} 
 body=None 
 </msg>
<msg time="2024-04-25T10:32:12.227309" level="INFO">GET Response : url=https://catfact.ninja/fact?max_length=0 
 status=200, reason=OK 
 headers={'Server': 'nginx', 'Date': 'Thu, 25 Apr 2024 03:32:11 GMT', 'Content-Type': 'application/json', 'Transfer-Encoding': 'chunked', 'Connection': 'keep-alive', 'Vary': 'Accept-Encoding', 'Cache-Control': 'no-cache, private', 'X-Ratelimit-Limit': '100', 'X-Ratelimit-Remaining': '94', 'Access-Control-Allow-Origin': '*', 'Set-Cookie': 'XSRF-TOKEN=eyJpdiI6Inl1UTB0K0Q4RnNpelFCSXpyd1BnVHc9PSIsInZhbHVlIjoiOWFPbDlqZGt5aFlqMmVScTNSZTkxUlV5S3dVM01JY2h5U0RkYm1pcHpvSnZKek1MS1JHMjVwSFNrQmFJbG1ONWpsYzZhYkNoOFN0YjhPalRtZlBQamo3NnhYNlN5bTBUdXBUZ0ZDRnB3TTBlMlprL0hXWWNLTUIvYXJmRmVad1EiLCJtYWMiOiIzOGIyNTBlNzEyMTY2ZmM4NzdmY2UxY2ZmOWM5OGJiNzFiMWRiMjdkNDc4NzdkOTRiOWYyODUzZmQyNzNjODA4IiwidGFnIjoiIn0%3D; expires=Thu, 25-Apr-2024 05:32:11 GMT; path=/; samesite=lax, catfacts_session=eyJpdiI6ImJiQ0JPWEYrN1U2bXRiNC8ranQ5MVE9PSIsInZhbHVlIjoiUlFHR1RZVkhNTFl1SERNR1plaDc2aFNrazlwMEgvTThVSlNoVS9WLzlpNnZ6RWY0cGJlSFdHNGNxUGErYlJncHBMaWlVemVpd2thSWtGYkpDZDZVSkF3elA0VWJTOWh2QWFvb000VW9xVzBLSWl4WTN4eWVGNUNid3Y3NkFENXQiLCJtYWMiOiI5NTM4OTJlNDllZmM0NzAzNTE3OTZhMWI1ZTgxMWE3NDFiNTVjMTU5NDE0Y2ZmMzFmNTJiOGRlMTIyMTZmNTY2IiwidGFnIjoiIn0%3D; expires=Thu, 25-Apr-2024 05:32:11 GMT; path=/; httponly; samesite=lax', 'X-Frame-Options': 'SAMEORIGIN', 'X-XSS-Protection': '1; mode=block', 'X-Content-Type-Options': 'nosniff', 'Content-Encoding': 'gzip'} 
 body={} 
 </msg>
<msg time="2024-04-25T10:32:12.227309" level="INFO">C:\Users\NeeranuchS\AppData\Local\Programs\Python\Python310\lib\site-packages\urllib3\connectionpool.py:1095: InsecureRequestWarning: Unverified HTTPS request is being made to host 'catfact.ninja'. Adding certificate verification is strongly advised. See: https://urllib3.readthedocs.io/en/latest/advanced-usage.html#tls-warnings
  warnings.warn(</msg>
<msg time="2024-04-25T10:32:12.227309" level="INFO">${response} = &lt;Response [200]&gt;</msg>
<var>${response}</var>
<arg>session</arg>
<arg>url=${_path}</arg>
<arg>params=${_param}</arg>
<arg>expected_status=${_expected_status}</arg>
<doc>Sends a GET request on a previously created HTTP Session.</doc>
<status status="PASS" start="2024-04-25T10:32:11.321467" elapsed="0.906852"/>
</kw>
<kw name="Return From Keyword" owner="BuiltIn">
<msg time="2024-04-25T10:32:12.228319" level="INFO">Returning from the enclosing user keyword.</msg>
<arg>${response.json()}</arg>
<doc>Returns from the enclosing user keyword.</doc>
<status status="PASS" start="2024-04-25T10:32:12.228319" elapsed="0.000000"/>
</kw>
<msg time="2024-04-25T10:32:12.229318" level="INFO">${response} = {}</msg>
<var>${response}</var>
<arg>${path}</arg>
<arg>${params}</arg>
<status status="PASS" start="2024-04-25T10:32:11.319163" elapsed="0.910155"/>
</kw>
<kw name="Should Be Empty" owner="BuiltIn">
<msg time="2024-04-25T10:32:12.230322" level="INFO">Length is 0.</msg>
<arg>${response}</arg>
<doc>Verifies that the given item is empty.</doc>
<status status="PASS" start="2024-04-25T10:32:12.230322" elapsed="0.000000"/>
</kw>
<status status="PASS" start="2024-04-25T10:32:11.316398" elapsed="0.913924"/>
</test>
<status status="PASS" start="2024-04-25T10:32:09.484119" elapsed="2.748200"/>
</suite>
<status status="PASS" start="2024-04-25T10:32:05.962206" elapsed="6.271580"/>
</suite>
<statistics>
<total>
<stat pass="6" fail="0" skip="0">All Tests</stat>
</total>
<tag>
</tag>
<suite>
<stat pass="6" fail="0" skip="0" id="s1" name="Robot-Catfact">Robot-Catfact</stat>
<stat pass="3" fail="0" skip="0" id="s1-s1" name="Breeds">Robot-Catfact.Breeds</stat>
<stat pass="3" fail="0" skip="0" id="s1-s2" name="Fact">Robot-Catfact.Fact</stat>
</suite>
</statistics>
<errors>
</errors>
</robot>
